C:\Users\Rui\documents\visual studio 2010\Projects\reaper_yamahadme\reaper_yamahadme\Release\cl.command.1.tlog
C:\Users\Rui\documents\visual studio 2010\Projects\reaper_yamahadme\reaper_yamahadme\Release\CL.read.1.tlog
C:\Users\Rui\documents\visual studio 2010\Projects\reaper_yamahadme\reaper_yamahadme\Release\CL.write.1.tlog
C:\USERS\RUI\DOCUMENTS\VISUAL STUDIO 2010\PROJECTS\REAPER_YAMAHADME\REAPER_YAMAHADME\RELEASE\CSURF_ENTRYPOINT.OBJ
C:\USERS\RUI\DOCUMENTS\VISUAL STUDIO 2010\PROJECTS\REAPER_YAMAHADME\REAPER_YAMAHADME\RELEASE\CSURF_MAIN.OBJ
C:\USERS\RUI\DOCUMENTS\VISUAL STUDIO 2010\PROJECTS\REAPER_YAMAHADME\REAPER_YAMAHADME\RELEASE\CSURF_YAMAHADMENET.OBJ
C:\Users\Rui\documents\visual studio 2010\Projects\reaper_yamahadme\reaper_yamahadme\Release\link.command.1.tlog
C:\Users\Rui\documents\visual studio 2010\Projects\reaper_yamahadme\reaper_yamahadme\Release\link.read.1.tlog
C:\Users\Rui\documents\visual studio 2010\Projects\reaper_yamahadme\reaper_yamahadme\Release\link.write.1.tlog
C:\Users\Rui\documents\visual studio 2010\Projects\reaper_yamahadme\reaper_yamahadme\Release\link-cvtres.read.1.tlog
C:\Users\Rui\documents\visual studio 2010\Projects\reaper_yamahadme\reaper_yamahadme\Release\link-cvtres.write.1.tlog
C:\USERS\RUI\DOCUMENTS\VISUAL STUDIO 2010\PROJECTS\REAPER_YAMAHADME\REAPER_YAMAHADME\RELEASE\LS9.OBJ
C:\Users\Rui\documents\visual studio 2010\Projects\reaper_yamahadme\reaper_yamahadme\Release\mt.command.1.tlog
C:\Users\Rui\documents\visual studio 2010\Projects\reaper_yamahadme\reaper_yamahadme\Release\mt.read.1.tlog
C:\Users\Rui\documents\visual studio 2010\Projects\reaper_yamahadme\reaper_yamahadme\Release\mt.write.1.tlog
C:\Users\Rui\documents\visual studio 2010\Projects\reaper_yamahadme\reaper_yamahadme\Release\rc.command.1.tlog
C:\Users\Rui\documents\visual studio 2010\Projects\reaper_yamahadme\reaper_yamahadme\Release\rc.read.1.tlog
C:\Users\Rui\documents\visual studio 2010\Projects\reaper_yamahadme\reaper_yamahadme\Release\rc.write.1.tlog
C:\USERS\RUI\DOCUMENTS\VISUAL STUDIO 2010\PROJECTS\REAPER_YAMAHADME\REAPER_YAMAHADME\RELEASE\REAPER_YAMAHADME.DLL.INTERMEDIATE.MANIFEST
C:\Users\Rui\documents\visual studio 2010\Projects\reaper_yamahadme\reaper_yamahadme\Release\reaper_yamahadme.write.1.tlog
C:\USERS\RUI\DOCUMENTS\VISUAL STUDIO 2010\PROJECTS\REAPER_YAMAHADME\REAPER_YAMAHADME\RELEASE\RES.RES
C:\USERS\RUI\DOCUMENTS\VISUAL STUDIO 2010\PROJECTS\REAPER_YAMAHADME\REAPER_YAMAHADME\RELEASE\VC100.PDB
C:\USERS\RUI\DOCUMENTS\VISUAL STUDIO 2010\PROJECTS\REAPER_YAMAHADME\REAPER_YAMAHADME\RELEASE\YAMAHADME.OBJ
C:\USERS\RUI\DOCUMENTS\VISUAL STUDIO 2010\PROJECTS\REAPER_YAMAHADME\RELEASE\REAPER_YAMAHADME.DLL
C:\Users\Rui\documents\visual studio 2010\Projects\reaper_yamahadme\Release\reaper_yamahadme.exp
C:\Users\Rui\documents\visual studio 2010\Projects\reaper_yamahadme\Release\reaper_yamahadme.lib
C:\USERS\RUI\DOCUMENTS\VISUAL STUDIO 2010\PROJECTS\REAPER_YAMAHADME\RELEASE\REAPER_YAMAHADME.PDB
